<?xml version="1.0" encoding="UTF-8"?>
<!-- Generated by org.testng.reporters.JUnitReportReporter -->
<testsuite hostname="LAPTOP-1RGMJ9DD" failures="0" tests="1" name="demo.Test1" time="0.891" errors="0" timestamp="14 Jul 2023 05:24:33 GMT" skipped="0">
  <testcase classname="demo.Test1" name="Car1" time="0.891"/>
</testsuite> <!-- demo.Test1 -->
