<?xml version="1.0" encoding="UTF-8"?>
<!-- Generated by org.testng.reporters.JUnitReportReporter -->
<testsuite hostname="LAPTOP-1RGMJ9DD" failures="0" tests="1" name="demo.ExpliciWaitDemo" time="5.543" errors="0" timestamp="14 Jul 2023 05:24:32 GMT" skipped="0">
  <testcase classname="demo.ExpliciWaitDemo" name="VerifyText" time="5.543"/>
</testsuite> <!-- demo.ExpliciWaitDemo -->
