<?xml version="1.0" encoding="UTF-8"?>
<!-- Generated by org.testng.reporters.JUnitReportReporter -->
<testsuite hostname="LAPTOP-1RGMJ9DD" failures="0" tests="5" name="demo.GroupingDemo" time="0.003" errors="0" timestamp="14 Jul 2023 05:24:33 GMT" skipped="1">
  <testcase classname="demo.GroupingDemo" name="Car3" time="0.001"/>
  <testcase classname="demo.GroupingDemo" name="Car2" time="0.000"/>
  <testcase classname="demo.GroupingDemo" name="Car1" time="0.001"/>
  <testcase classname="demo.GroupingDemo" name="Car5" time="0.001"/>
  <testcase classname="demo.GroupingDemo" name="Car4">
    <skipped/>
  </testcase> <!-- Car4 -->
</testsuite> <!-- demo.GroupingDemo -->
