<?xml version="1.0" encoding="UTF-8"?>
<!-- Generated by org.testng.reporters.JUnitReportReporter -->
<testsuite hostname="LAPTOP-1RGMJ9DD" failures="0" tests="1" name="in.simplilearn.testsripts.LoginPage" time="0.792" errors="0" timestamp="2023-07-25T14:40:57 IST" skipped="0">
  <testcase classname="in.simplilearn.testsripts.LoginPage" name="verifypage" time="0.792"/>
</testsuite> <!-- in.simplilearn.testsripts.LoginPage -->
