<?xml version="1.0" encoding="UTF-8"?>
<!-- Generated by org.testng.reporters.JUnitReportReporter -->
<testsuite hostname="LAPTOP-1RGMJ9DD" failures="0" tests="1" name="in.simplilearn.testsripts.YoutubeVideo" time="0.220" errors="0" timestamp="2023-07-22T19:33:22 IST" skipped="0">
  <testcase classname="in.simplilearn.testsripts.YoutubeVideo" name="youtubeLogin" time="0.220"/>
</testsuite> <!-- in.simplilearn.testsripts.YoutubeVideo -->
