<?xml version="1.0" encoding="UTF-8"?>
<!-- Generated by org.testng.reporters.JUnitReportReporter -->
<testsuite hostname="LAPTOP-1RGMJ9DD" failures="0" tests="1" name="in.amazon.testscripts.DDF" time="7.019" errors="0" timestamp="2023-07-18T22:06:12 IST" skipped="0">
  <testcase classname="in.amazon.testscripts.DDF" name="VerifyErrorMsg" time="7.019"/>
</testsuite> <!-- in.amazon.testscripts.DDF -->
