<?xml version="1.0" encoding="UTF-8"?>
<!-- Generated by org.testng.reporters.JUnitReportReporter -->
<testsuite hostname="LAPTOP-1RGMJ9DD" failures="0" tests="1" name="in.amazon.testscripts.VerifyErrorMsg" time="2.158" errors="0" timestamp="2023-07-18T21:55:04 IST" skipped="0">
  <testcase classname="in.amazon.testscripts.VerifyErrorMsg" name="VerifyErrorMsg" time="2.158"/>
</testsuite> <!-- in.amazon.testscripts.VerifyErrorMsg -->
