<?xml version="1.0" encoding="UTF-8"?>
<!-- Generated by org.testng.reporters.JUnitReportReporter -->
<testsuite hostname="LAPTOP-1RGMJ9DD" failures="0" tests="1" name="demo2.VerifyTitle" time="0.009" errors="0" timestamp="2023-07-16T20:07:19 IST" skipped="0">
  <testcase classname="demo2.VerifyTitle" name="Vrification" time="0.009"/>
</testsuite> <!-- demo2.VerifyTitle -->
